<?xml version="1.0" encoding="UTF-8" standalone="yes"?>
<xmlReport>
    <fileName>junit-4.4.jar</fileName>
    <status>encryption secceed</status>
    <time>0.015143824</time>
</xmlReport>
